{
  "timestamp": "2025-07-15T13:15:22.155Z",
  "ready": false,
  "summary": {
    "passed": 4,
    "failed": 1,
    "warnings": 0
  },
  "details": [
    {
      "timestamp": "2025-07-15T13:15:18.132Z",
      "level": "info",
      "message": "Running check: Package.json Validation",
      "details": null
    },
    {
      "timestamp": "2025-07-15T13:15:18.133Z",
      "level": "pass",
      "message": "✅ Package.json Validation: Package.json is properly configured",
      "details": {
        "issues": [],
        "warnings": [],
        "version": "0.1.0"
      }
    },
    {
      "timestamp": "2025-07-15T13:15:18.133Z",
      "level": "info",
      "message": "Running check: TypeScript Compilation",
      "details": null
    },
    {
      "timestamp": "2025-07-15T13:15:20.766Z",
      "level": "fail",
      "message": "❌ TypeScript Compilation: TypeScript compilation failed",
      "details": {
        "error": "src/services/user-experience-service.ts(266,29): error TS2322: Type 'string | InputBoxValidationMessage | Thenable<string | InputBoxValidationMessage | null | undefined> | null | undefined' is not assignable to type 'string | InputBoxValidationMessage | undefined'.\r\n  Type 'null' is not assignable to type 'string | InputBoxValidationMessage | undefined'.\r\nsrc/test/cross-platform-compatibility.test.ts(303,27): error TS2339: Property 'platform' does not exist on type 'SecurityAuditResult'.\r\nsrc/test/cross-platform-compatibility.test.ts(327,52): error TS2339: Property 'getConfigFilePath' does not exist on type 'ConfigurationManager'.\r\nsrc/test/integration/end-to-end.test.ts(38,30): error TS2339: Property 'isActive' does not exist on type 'FlowCodeExtension'.\r\nsrc/test/integration/end-to-end.test.ts(41,67): error TS2345: Argument of type 'string' is not assignable to parameter of type 'QuickPickItem'.\r\nsrc/test/integration/end-to-end.test.ts(70,29): error TS2339: Property 'runCompanionGuard' does not exist on type 'FlowCodeExtension'.\r\nsrc/test/integration/end-to-end.test.ts(77,29): error TS2339: Property 'refactorCode' does not exist on type 'FlowCodeExtension'.\r\nsrc/test/integration/end-to-end.test.ts(84,29): error TS2339: Property 'initializeFinalGuard' does not exist on type 'FlowCodeExtension'.\r\nsrc/test/integration/end-to-end.test.ts(103,30): error TS2339: Property 'isActive' does not exist on type 'FlowCodeExtension'.\r\nsrc/test/integration/end-to-end.test.ts(106,67): error TS2345: Argument of type 'string' is not assignable to parameter of type 'QuickPickItem'.\r\nsrc/test/integration/end-to-end.test.ts(118,29): error TS2339: Property 'runCompanionGuard' does not exist on type 'FlowCodeExtension'.\r\nsrc/test/integration/end-to-end.test.ts(144,29): error TS2339: Property 'runCompanionGuard' does not exist on type 'FlowCodeExtension'.\r\nsrc/test/integration/end-to-end.test.ts(147,54): error TS2339: Property 'called' does not exist on type '{ (id: string, alignment?: StatusBarAlignment | undefined, priority?: number | undefined): StatusBarItem; (alignment?: StatusBarAlignment | undefined, priority?: number | undefined): StatusBarItem; }'.\r\nsrc/test/integration/end-to-end.test.ts(182,29): error TS2339: Property 'refactorCode' does not exist on type 'FlowCodeExtension'.\r\nsrc/test/integration/end-to-end.test.ts(215,52): error TS2322: Type 'number' is not assignable to type 'bigint'.\r\nsrc/test/integration/end-to-end.test.ts(217,29): error TS2339: Property 'initializeFinalGuard' does not exist on type 'FlowCodeExtension'.\r\nsrc/test/integration/end-to-end.test.ts(219,37): error TS2339: Property 'called' does not exist on type '(file: PathOrFileDescriptor, data: string | ArrayBufferView<ArrayBufferLike>, options?: WriteFileOptions | undefined) => void'.\r\nsrc/test/integration/end-to-end.test.ts(231,33): error TS2339: Property 'initializeFinalGuard' does not exist on type 'FlowCodeExtension'.\r\nsrc/test/integration/end-to-end.test.ts(234,41): error TS2339: Property 'called' does not exist on type '(file: PathOrFileDescriptor, data: string | ArrayBufferView<ArrayBufferLike>, options?: WriteFileOptions | undefined) => void'.\r\nsrc/test/integration/end-to-end.test.ts(247,33): error TS2339: Property 'initializeFinalGuard' does not exist on type 'FlowCodeExtension'.\r\nsrc/test/integration/end-to-end.test.ts(250,37): error TS2339: Property 'called' does not exist on type '(path: PathLike, mode: Mode) => void'.\r\nsrc/test/integration/end-to-end.test.ts(269,29): error TS2339: Property 'runCompanionGuard' does not exist on type 'FlowCodeExtension'.\r\nsrc/test/integration/end-to-end.test.ts(287,27): error TS2339: Property 'runCompanionGuard' does not exist on type 'FlowCodeExtension'.\r\nsrc/test/integration/end-to-end.test.ts(289,27): error TS2339: Property 'runCompanionGuard' does not exist on type 'FlowCodeExtension'.\r\nsrc/test/integration/end-to-end.test.ts(317,29): error TS2339: Property 'runCompanionGuard' does not exist on type 'FlowCodeExtension'.\r\nsrc/test/integration/end-to-end.test.ts(327,67): error TS2345: Argument of type 'string' is not assignable to parameter of type 'QuickPickItem'.\r\nsrc/test/integration/end-to-end.test.ts(364,29): error TS2339: Property 'refactorCode' does not exist on type 'FlowCodeExtension'.\r\nsrc/test/integration/end-to-end.test.ts(385,67): error TS2345: Argument of type 'string[]' is not assignable to parameter of type 'QuickPickItem'.\r\n  Property 'label' is missing in type 'string[]' but required in type 'QuickPickItem'.\r\nsrc/test/integration/end-to-end.test.ts(421,71): error TS2345: Argument of type '{ webview: { html: string; onDidReceiveMessage: sinon.SinonStub<any[], any>; }; }' is not assignable to parameter of type 'WebviewPanel'.\r\n  Type '{ webview: { html: string; onDidReceiveMessage: SinonStub<any[], any>; }; }' is missing the following properties from type 'WebviewPanel': viewType, title, options, viewColumn, and 6 more.\r\nsrc/test/integration/end-to-end.test.ts(425,53): error TS2339: Property 'called' does not exist on type '(viewType: string, title: string, showOptions: ViewColumn | { readonly viewColumn: ViewColumn; readonly preserveFocus?: boolean | undefined; }, options?: (WebviewPanelOptions & WebviewOptions) | undefined) => WebviewPanel'.\r\nsrc/test/integration/end-to-end.test.ts(443,29): error TS2339: Property 'initializeFinalGuard' does not exist on type 'FlowCodeExtension'.\r\nsrc/test/integration/end-to-end.test.ts(460,29): error TS2339: Property 'refactorCode' does not exist on type 'FlowCodeExtension'.\r\nsrc/test/integration/end-to-end.test.ts(463,51): error TS2339: Property 'called' does not exist on type '{ <T extends string>(message: string, ...items: T[]): Thenable<T | undefined>; <T extends string>(message: string, options: MessageOptions, ...items: T[]): Thenable<T | undefined>; <T extends MessageItem>(message: string, ...items: T[]): Thenable<...>; <T extends MessageItem>(message: string, options: MessageOptions...'.\r\nsrc/test/integration/end-to-end.test.ts(479,67): error TS2345: Argument of type 'string[]' is not assignable to parameter of type 'QuickPickItem'.\r\n  Property 'label' is missing in type 'string[]' but required in type 'QuickPickItem'.\r\nsrc/test/integration/end-to-end.test.ts(485,51): error TS2339: Property 'called' does not exist on type '{ <T extends string>(message: string, ...items: T[]): Thenable<T | undefined>; <T extends string>(message: string, options: MessageOptions, ...items: T[]): Thenable<T | undefined>; <T extends MessageItem>(message: string, ...items: T[]): Thenable<...>; <T extends MessageItem>(message: string, options: MessageOptions...'.\r\nsrc/test/integration/end-to-end.test.ts(504,51): error TS2339: Property 'called' does not exist on type '{ <T extends string>(message: string, ...items: T[]): Thenable<T | undefined>; <T extends string>(message: string, options: MessageOptions, ...items: T[]): Thenable<T | undefined>; <T extends MessageItem>(message: string, ...items: T[]): Thenable<...>; <T extends MessageItem>(message: string, options: MessageOptions...'.\r\nsrc/test/integration/end-to-end.test.ts(530,29): error TS2339: Property 'refactorCode' does not exist on type 'FlowCodeExtension'.\r\nsrc/test/integration/end-to-end.test.ts(533,51): error TS2339: Property 'called' does not exist on type '{ <T extends string>(message: string, ...items: T[]): Thenable<T | undefined>; <T extends string>(message: string, options: MessageOptions, ...items: T[]): Thenable<T | undefined>; <T extends MessageItem>(message: string, ...items: T[]): Thenable<...>; <T extends MessageItem>(message: string, options: MessageOptions...'.\r\nsrc/test/integration/end-to-end.test.ts(544,29): error TS2339: Property 'initializeFinalGuard' does not exist on type 'FlowCodeExtension'.\r\nsrc/test/integration/end-to-end.test.ts(558,29): error TS2339: Property 'initializeFinalGuard' does not exist on type 'FlowCodeExtension'.\r\nsrc/test/integration/flowcode-extension.integration.test.ts(39,79): error TS2345: Argument of type '{ onDidChange: sinon.SinonStub<any[], any>; onDidCreate: sinon.SinonStub<any[], any>; onDidDelete: sinon.SinonStub<any[], any>; dispose: sinon.SinonStub<any[], any>; }' is not assignable to parameter of type 'FileSystemWatcher'.\r\n  Type '{ onDidChange: SinonStub<any[], any>; onDidCreate: SinonStub<any[], any>; onDidDelete: SinonStub<any[], any>; dispose: SinonStub<any[], any>; }' is missing the following properties from type 'FileSystemWatcher': ignoreCreateEvents, ignoreChangeEvents, ignoreDeleteEvents\r\nsrc/test/integration/flowcode-extension.integration.test.ts(47,72): error TS2345: Argument of type '{ text: string; show: sinon.SinonStub<any[], any>; dispose: sinon.SinonStub<any[], any>; }' is not assignable to parameter of type 'StatusBarItem'.\r\n  Type '{ text: string; show: SinonStub<any[], any>; dispose: SinonStub<any[], any>; }' is missing the following properties from type 'StatusBarItem': id, alignment, priority, name, and 6 more.\r\nsrc/test/integration/flowcode-extension.integration.test.ts(51,30): error TS2339: Property 'isActive' does not exist on type 'FlowCodeExtension'.\r\nsrc/test/integration/flowcode-extension.integration.test.ts(61,34): error TS2339: Property 'isActive' does not exist on type 'FlowCodeExtension'.\r\nsrc/test/integration/flowcode-extension.integration.test.ts(80,79): error TS2345: Argument of type '{ onDidChange: sinon.SinonStub<any[], any>; onDidCreate: sinon.SinonStub<any[], any>; onDidDelete: sinon.SinonStub<any[], any>; dispose: sinon.SinonStub<any[], any>; }' is not assignable to parameter of type 'FileSystemWatcher'.\r\n  Type '{ onDidChange: SinonStub<any[], any>; onDidCreate: SinonStub<any[], any>; onDidDelete: SinonStub<any[], any>; dispose: SinonStub<any[], any>; }' is missing the following properties from type 'FileSystemWatcher': ignoreCreateEvents, ignoreChangeEvents, ignoreDeleteEvents\r\nsrc/test/integration/flowcode-extension.integration.test.ts(87,72): error TS2345: Argument of type '{ text: string; show: sinon.SinonStub<any[], any>; dispose: sinon.SinonStub<any[], any>; }' is not assignable to parameter of type 'StatusBarItem'.\r\n  Type '{ text: string; show: SinonStub<any[], any>; dispose: SinonStub<any[], any>; }' is missing the following properties from type 'StatusBarItem': id, alignment, priority, name, and 6 more.\r\nsrc/test/integration/flowcode-extension.integration.test.ts(94,30): error TS2339: Property 'isActive' does not exist on type 'FlowCodeExtension'.\r\nsrc/test/integration/flowcode-extension.integration.test.ts(113,79): error TS2345: Argument of type '{ onDidChange: sinon.SinonStub<any[], any>; onDidCreate: sinon.SinonStub<any[], any>; onDidDelete: sinon.SinonStub<any[], any>; dispose: sinon.SinonStub<any[], any>; }' is not assignable to parameter of type 'FileSystemWatcher'.\r\n  Type '{ onDidChange: SinonStub<any[], any>; onDidCreate: SinonStub<any[], any>; onDidDelete: SinonStub<any[], any>; dispose: SinonStub<any[], any>; }' is missing the following properties from type 'FileSystemWatcher': ignoreCreateEvents, ignoreChangeEvents, ignoreDeleteEvents\r\nsrc/test/integration/flowcode-extension.integration.test.ts(120,72): error TS2345: Argument of type '{ text: string; show: sinon.SinonStub<any[], any>; dispose: sinon.SinonStub<any[], any>; }' is not assignable to parameter of type 'StatusBarItem'.\r\n  Type '{ text: string; show: SinonStub<any[], any>; dispose: SinonStub<any[], any>; }' is missing the following properties from type 'StatusBarItem': id, alignment, priority, name, and 6 more.\r\nsrc/test/integration/flowcode-extension.integration.test.ts(137,30): error TS2554: Expected 2 arguments, but got 1.\r\nsrc/test/integration/flowcode-extension.integration.test.ts(141,29): error TS2339: Property 'runCompanionGuard' does not exist on type 'FlowCodeExtension'.\r\nsrc/test/integration/flowcode-extension.integration.test.ts(164,72): error TS2345: Argument of type '{ get: sinon.SinonStub<any[], any>; }' is not assignable to parameter of type 'WorkspaceConfiguration'.\r\n  Type '{ get: SinonStub<any[], any>; }' is missing the following properties from type 'WorkspaceConfiguration': has, inspect, update\r\nsrc/test/integration/flowcode-extension.integration.test.ts(170,30): error TS2554: Expected 2 arguments, but got 1.\r\nsrc/test/integration/flowcode-extension.integration.test.ts(174,29): error TS2339: Property 'refactorCode' does not exist on type 'FlowCodeExtension'.\r\nsrc/test/integration/flowcode-extension.integration.test.ts(201,71): error TS2345: Argument of type '{ webview: { html: string; onDidReceiveMessage: sinon.SinonStub<any[], any>; }; }' is not assignable to parameter of type 'WebviewPanel'.\r\n  Type '{ webview: { html: string; onDidReceiveMessage: SinonStub<any[], any>; }; }' is missing the following properties from type 'WebviewPanel': viewType, title, options, viewColumn, and 6 more.\r\nsrc/test/integration/flowcode-extension.integration.test.ts(206,53): error TS2339: Property 'called' does not exist on type '(viewType: string, title: string, showOptions: ViewColumn | { readonly viewColumn: ViewColumn; readonly preserveFocus?: boolean | undefined; }, options?: (WebviewPanelOptions & WebviewOptions) | undefined) => WebviewPanel'.\r\nsrc/test/integration/flowcode-extension.integration.test.ts(212,67): error TS2345: Argument of type 'string[]' is not assignable to parameter of type 'QuickPickItem'.\r\n  Property 'label' is missing in type 'string[]' but required in type 'QuickPickItem'.\r\nsrc/test/integration/flowcode-extension.integration.test.ts(239,29): error TS2339: Property 'initializeFinalGuard' does not exist on type 'FlowCodeExtension'.\r\nsrc/test/integration/flowcode-extension.integration.test.ts(258,79): error TS2345: Argument of type '{ onDidChange: sinon.SinonStub<any[], any>; onDidCreate: sinon.SinonStub<any[], any>; onDidDelete: sinon.SinonStub<any[], any>; dispose: sinon.SinonStub<any[], any>; }' is not assignable to parameter of type 'FileSystemWatcher'.\r\n  Type '{ onDidChange: SinonStub<any[], any>; onDidCreate: SinonStub<any[], any>; onDidDelete: SinonStub<any[], any>; dispose: SinonStub<any[], any>; }' is missing the following properties from type 'FileSystemWatcher': ignoreCreateEvents, ignoreChangeEvents, ignoreDeleteEvents\r\nsrc/test/integration/flowcode-extension.integration.test.ts(265,72): error TS2345: Argument of type '{ text: string; show: sinon.SinonStub<any[], any>; dispose: sinon.SinonStub<any[], any>; }' is not assignable to parameter of type 'StatusBarItem'.\r\n  Type '{ text: string; show: SinonStub<any[], any>; dispose: SinonStub<any[], any>; }' is missing the following properties from type 'StatusBarItem': id, alignment, priority, name, and 6 more.\r\nsrc/test/integration/flowcode-extension.integration.test.ts(287,29): error TS2339: Property 'runCompanionGuard' does not exist on type 'FlowCodeExtension'.\r\nsrc/test/integration/flowcode-extension.integration.test.ts(296,72): error TS2345: Argument of type '{ get: (key: string) => \"openai\" | 2000 | \"test-key\" | undefined; }' is not assignable to parameter of type 'WorkspaceConfiguration'.\r\n  Type '{ get: (key: string) => \"openai\" | 2000 | \"test-key\" | undefined; }' is missing the following properties from type 'WorkspaceConfiguration': has, inspect, update\r\nsrc/test/integration/flowcode-extension.integration.test.ts(329,29): error TS2339: Property 'refactorCode' does not exist on type 'FlowCodeExtension'.\r\nsrc/test/integration/flowcode-extension.integration.test.ts(359,71): error TS2345: Argument of type '{ webview: { html: string; onDidReceiveMessage: sinon.SinonStub<any[], any>; }; }' is not assignable to parameter of type 'WebviewPanel'.\r\n  Type '{ webview: { html: string; onDidReceiveMessage: SinonStub<any[], any>; }; }' is missing the following properties from type 'WebviewPanel': viewType, title, options, viewColumn, and 6 more.\r\nsrc/test/integration/flowcode-extension.integration.test.ts(376,34): error TS2339: Property 'isActive' does not exist on type 'FlowCodeExtension'.\r\nsrc/test/integration/flowcode-extension.integration.test.ts(390,29): error TS2339: Property 'runCompanionGuard' does not exist on type 'FlowCodeExtension'.\r\nsrc/test/integration/flowcode-extension.integration.test.ts(391,29): error TS2339: Property 'refactorCode' does not exist on type 'FlowCodeExtension'.\r\nsrc/test/performance/companion-guard.benchmark.test.ts(26,68): error TS2345: Argument of type '{ text: string; tooltip: string; backgroundColor: undefined; show: sinon.SinonStub<any[], any>; dispose: sinon.SinonStub<any[], any>; }' is not assignable to parameter of type 'StatusBarItem'.\r\n  Type '{ text: string; tooltip: string; backgroundColor: undefined; show: SinonStub<any[], any>; dispose: SinonStub<any[], any>; }' is missing the following properties from type 'StatusBarItem': id, alignment, priority, name, and 4 more.\r\nsrc/test/performance/companion-guard.benchmark.test.ts(50,79): error TS2345: Argument of type '{ onDidChange: sinon.SinonStub<any[], any>; onDidCreate: sinon.SinonStub<any[], any>; onDidDelete: sinon.SinonStub<any[], any>; dispose: sinon.SinonStub<any[], any>; }' is not assignable to parameter of type 'FileSystemWatcher'.\r\n  Type '{ onDidChange: SinonStub<any[], any>; onDidCreate: SinonStub<any[], any>; onDidDelete: SinonStub<any[], any>; dispose: SinonStub<any[], any>; }' is missing the following properties from type 'FileSystemWatcher': ignoreCreateEvents, ignoreChangeEvents, ignoreDeleteEvents\r\nsrc/test/performance/companion-guard.benchmark.test.ts(73,79): error TS2345: Argument of type '{ onDidChange: sinon.SinonStub<any[], any>; onDidCreate: sinon.SinonStub<any[], any>; onDidDelete: sinon.SinonStub<any[], any>; dispose: sinon.SinonStub<any[], any>; }' is not assignable to parameter of type 'FileSystemWatcher'.\r\n  Type '{ onDidChange: SinonStub<any[], any>; onDidCreate: SinonStub<any[], any>; onDidDelete: SinonStub<any[], any>; dispose: SinonStub<any[], any>; }' is missing the following properties from type 'FileSystemWatcher': ignoreCreateEvents, ignoreChangeEvents, ignoreDeleteEvents\r\nsrc/test/performance/companion-guard.benchmark.test.ts(245,79): error TS2345: Argument of type '{ onDidChange: sinon.SinonStub<any[], any>; onDidCreate: sinon.SinonStub<any[], any>; onDidDelete: sinon.SinonStub<any[], any>; dispose: sinon.SinonStub<any[], any>; }' is not assignable to parameter of type 'FileSystemWatcher'.\r\n  Type '{ onDidChange: SinonStub<any[], any>; onDidCreate: SinonStub<any[], any>; onDidDelete: SinonStub<any[], any>; dispose: SinonStub<any[], any>; }' is missing the following properties from type 'FileSystemWatcher': ignoreCreateEvents, ignoreChangeEvents, ignoreDeleteEvents\r\nsrc/test/performance/companion-guard.benchmark.test.ts(301,79): error TS2345: Argument of type '{ onDidChange: sinon.SinonStub<any[], any>; onDidCreate: sinon.SinonStub<any[], any>; onDidDelete: sinon.SinonStub<any[], any>; dispose: sinon.SinonStub<any[], any>; }' is not assignable to parameter of type 'FileSystemWatcher'.\r\n  Type '{ onDidChange: SinonStub<any[], any>; onDidCreate: SinonStub<any[], any>; onDidDelete: SinonStub<any[], any>; dispose: SinonStub<any[], any>; }' is missing the following properties from type 'FileSystemWatcher': ignoreCreateEvents, ignoreChangeEvents, ignoreDeleteEvents\r\nsrc/test/security/security-audit.test.ts(278,29): error TS2339: Property 'initializeFinalGuard' does not exist on type 'FlowCodeExtension'.\r\nsrc/test/security/security-audit.test.ts(315,24): error TS18046: 'config' is of type 'unknown'.\r\nsrc/test/security/security-audit.test.ts(316,24): error TS18046: 'config' is of type 'unknown'.\r\nsrc/test/unit/architect-commands.test.ts(85,92): error TS2345: Argument of type 'string' is not assignable to parameter of type 'MessageItem'.\r\nsrc/test/unit/architect-commands.test.ts(91,17): error TS2345: Argument of type '\"Configure API Key\"' is not assignable to parameter of type 'SinonMatcher | MatchPartialArguments<MessageOptions> | undefined'.\r\nsrc/test/unit/architect-commands.test.ts(117,74): error TS2353: Object literal may only specify known properties, and 'value' does not exist in type 'QuickPickItem'.\r\nsrc/test/unit/architect-commands.test.ts(118,58): error TS2353: Object literal may only specify known properties, and 'value' does not exist in type 'QuickPickItem'.\r\nsrc/test/unit/architect-commands.test.ts(124,53): error TS2345: Argument of type '{ onCancellationRequested: sinon.SinonStub<any[], any>; }' is not assignable to parameter of type 'CancellationToken'.\r\n  Property 'isCancellationRequested' is missing in type '{ onCancellationRequested: sinon.SinonStub<any[], any>; }' but required in type 'CancellationToken'.\r\nsrc/test/unit/architect-commands.test.ts(138,74): error TS2353: Object literal may only specify known properties, and 'value' does not exist in type 'QuickPickItem'.\r\nsrc/test/unit/architect-commands.test.ts(139,58): error TS2353: Object literal may only specify known properties, and 'value' does not exist in type 'QuickPickItem'.\r\nsrc/test/unit/architect-commands.test.ts(147,53): error TS2345: Argument of type '{ onCancellationRequested: sinon.SinonStub<any[], any>; }' is not assignable to parameter of type 'CancellationToken'.\r\n  Property 'isCancellationRequested' is missing in type '{ onCancellationRequested: sinon.SinonStub<any[], any>; }' but required in type 'CancellationToken'.\r\nsrc/test/unit/architect-commands.test.ts(184,92): error TS2345: Argument of type 'string' is not assignable to parameter of type 'MessageItem'.\r\nsrc/test/unit/architect-commands.test.ts(190,17): error TS2345: Argument of type '\"Configure API Key\"' is not assignable to parameter of type 'SinonMatcher | MatchPartialArguments<MessageOptions> | undefined'.\r\nsrc/test/unit/architect-commands.test.ts(211,53): error TS2345: Argument of type '{ onCancellationRequested: sinon.SinonStub<any[], any>; }' is not assignable to parameter of type 'CancellationToken'.\r\n  Property 'isCancellationRequested' is missing in type '{ onCancellationRequested: sinon.SinonStub<any[], any>; }' but required in type 'CancellationToken'.\r\nsrc/test/unit/architect-commands.test.ts(231,53): error TS2345: Argument of type '{ onCancellationRequested: sinon.SinonStub<any[], any>; }' is not assignable to parameter of type 'CancellationToken'.\r\n  Property 'isCancellationRequested' is missing in type '{ onCancellationRequested: sinon.SinonStub<any[], any>; }' but required in type 'CancellationToken'.\r\nsrc/test/unit/architect-service.test.ts(370,20): error TS18046: 'callArgs' is of type 'unknown'.\r\nsrc/test/unit/architect-service.test.ts(371,20): error TS18046: 'callArgs' is of type 'unknown'.\r\nsrc/test/unit/companion-guard.test.ts(55,79): error TS2345: Argument of type '{ onDidChange: sinon.SinonStub<any[], any>; onDidCreate: sinon.SinonStub<any[], any>; onDidDelete: sinon.SinonStub<any[], any>; dispose: sinon.SinonStub<any[], any>; }' is not assignable to parameter of type 'FileSystemWatcher'.\r\n  Type '{ onDidChange: SinonStub<any[], any>; onDidCreate: SinonStub<any[], any>; onDidDelete: SinonStub<any[], any>; dispose: SinonStub<any[], any>; }' is missing the following properties from type 'FileSystemWatcher': ignoreCreateEvents, ignoreChangeEvents, ignoreDeleteEvents\r\nsrc/test/unit/companion-guard.test.ts(60,61): error TS2339: Property 'callCount' does not exist on type '(globPattern: GlobPattern, ignoreCreateEvents?: boolean | undefined, ignoreChangeEvents?: boolean | undefined, ignoreDeleteEvents?: boolean | undefined) => FileSystemWatcher'.\r\nsrc/test/unit/companion-guard.test.ts(89,79): error TS2345: Argument of type '{ onDidChange: sinon.SinonStub<any[], any>; onDidCreate: sinon.SinonStub<any[], any>; onDidDelete: sinon.SinonStub<any[], any>; dispose: sinon.SinonStub<any[], any>; }' is not assignable to parameter of type 'FileSystemWatcher'.\r\n  Type '{ onDidChange: SinonStub<any[], any>; onDidCreate: SinonStub<any[], any>; onDidDelete: SinonStub<any[], any>; dispose: SinonStub<any[], any>; }' is missing the following properties from type 'FileSystemWatcher': ignoreCreateEvents, ignoreChangeEvents, ignoreDeleteEvents\r\nsrc/test/unit/companion-guard.test.ts(310,79): error TS2345: Argument of type '{ onDidChange: sinon.SinonStub<any[], any>; onDidCreate: sinon.SinonStub<any[], any>; onDidDelete: sinon.SinonStub<any[], any>; dispose: sinon.SinonStub<any[], any>; }' is not assignable to parameter of type 'FileSystemWatcher'.\r\n  Type '{ onDidChange: SinonStub<any[], any>; onDidCreate: SinonStub<any[], any>; onDidDelete: SinonStub<any[], any>; dispose: SinonStub<any[], any>; }' is missing the following properties from type 'FileSystemWatcher': ignoreCreateEvents, ignoreChangeEvents, ignoreDeleteEvents\r\nsrc/test/unit/graph-service.test.ts(114,71): error TS2345: Argument of type '{ webview: { html: string; onDidReceiveMessage: sinon.SinonStub<any[], any>; }; }' is not assignable to parameter of type 'WebviewPanel'.\r\n  Type '{ webview: { html: string; onDidReceiveMessage: SinonStub<any[], any>; }; }' is missing the following properties from type 'WebviewPanel': viewType, title, options, viewColumn, and 6 more.\r\nsrc/test/unit/graph-service.test.ts(132,53): error TS2339: Property 'called' does not exist on type '(viewType: string, title: string, showOptions: ViewColumn | { readonly viewColumn: ViewColumn; readonly preserveFocus?: boolean | undefined; }, options?: (WebviewPanelOptions & WebviewOptions) | undefined) => WebviewPanel'.\r\nsrc/test/unit/graph-service.test.ts(145,71): error TS2345: Argument of type '{ webview: { html: string; onDidReceiveMessage: sinon.SinonStub<any[], any>; }; }' is not assignable to parameter of type 'WebviewPanel'.\r\n  Type '{ webview: { html: string; onDidReceiveMessage: SinonStub<any[], any>; }; }' is missing the following properties from type 'WebviewPanel': viewType, title, options, viewColumn, and 6 more.\r\nsrc/test/unit/graph-service.test.ts(146,73): error TS2345: Argument of type '{}' is not assignable to parameter of type 'TextDocument'.\r\n  Type '{}' is missing the following properties from type 'TextDocument': uri, fileName, isUntitled, languageId, and 14 more.\r\nsrc/test/unit/graph-service.test.ts(148,17): error TS2740: Type '{}' is missing the following properties from type 'Selection': anchor, active, isReversed, start, and 8 more.\r\nsrc/test/unit/graph-service.test.ts(167,54): error TS2339: Property 'called' does not exist on type '{ (uri: Uri, options?: { readonly encoding?: string | undefined; } | undefined): Thenable<TextDocument>; (path: string, options?: { readonly encoding?: string | undefined; } | undefined): Thenable<...>; (options?: { ...; } | undefined): Thenable<...>; }'.\r\nsrc/test/unit/hotfix-service.test.ts(37,67): error TS2345: Argument of type 'string[]' is not assignable to parameter of type 'QuickPickItem'.\r\n  Property 'label' is missing in type 'string[]' but required in type 'QuickPickItem'.\r\nsrc/test/unit/hotfix-service.test.ts(44,33): error TS2554: Expected 1 arguments, but got 0.\r\nsrc/test/unit/hotfix-service.test.ts(76,33): error TS2554: Expected 1 arguments, but got 0.\r\nsrc/test/unit/hotfix-service.test.ts(87,37): error TS2554: Expected 1 arguments, but got 0.\r\nsrc/test/unit/security-commands.test.ts(110,53): error TS2345: Argument of type '{ onCancellationRequested: sinon.SinonStub<any[], any>; }' is not assignable to parameter of type 'CancellationToken'.\r\n  Property 'isCancellationRequested' is missing in type '{ onCancellationRequested: sinon.SinonStub<any[], any>; }' but required in type 'CancellationToken'.\r\nsrc/test/unit/security-commands.test.ts(136,53): error TS2345: Argument of type '{ onCancellationRequested: sinon.SinonStub<any[], any>; }' is not assignable to parameter of type 'CancellationToken'.\r\n  Property 'isCancellationRequested' is missing in type '{ onCancellationRequested: sinon.SinonStub<any[], any>; }' but required in type 'CancellationToken'.\r\nsrc/test/unit/security-commands.test.ts(144,118): error TS2345: Argument of type '\"View Report\"' is not assignable to parameter of type 'SinonMatcher | MatchPartialArguments<MessageOptions> | undefined'.\r\nsrc/test/unit/security-commands.test.ts(149,96): error TS2345: Argument of type 'string' is not assignable to parameter of type 'MessageItem'.\r\nsrc/test/unit/security-commands.test.ts(155,53): error TS2345: Argument of type '{ onCancellationRequested: sinon.SinonStub<any[], any>; }' is not assignable to parameter of type 'CancellationToken'.\r\n  Property 'isCancellationRequested' is missing in type '{ onCancellationRequested: sinon.SinonStub<any[], any>; }' but required in type 'CancellationToken'.\r\nsrc/test/unit/security-commands.test.ts(164,17): error TS2345: Argument of type '\"Install Semgrep\"' is not assignable to parameter of type 'SinonMatcher | MatchPartialArguments<MessageOptions> | undefined'.\r\nsrc/test/unit/security-commands.test.ts(172,72): error TS2345: Argument of type 'string' is not assignable to parameter of type 'MessageItem'.\r\nsrc/test/unit/security-commands.test.ts(180,53): error TS2345: Argument of type '{ onCancellationRequested: sinon.SinonStub<any[], any>; }' is not assignable to parameter of type 'CancellationToken'.\r\n  Property 'isCancellationRequested' is missing in type '{ onCancellationRequested: sinon.SinonStub<any[], any>; }' but required in type 'CancellationToken'.\r\nsrc/test/unit/security-commands.test.ts(192,72): error TS2345: Argument of type 'string' is not assignable to parameter of type 'MessageItem'.\r\nsrc/test/unit/security-commands.test.ts(198,53): error TS2345: Argument of type '{ onCancellationRequested: sinon.SinonStub<any[], any>; }' is not assignable to parameter of type 'CancellationToken'.\r\n  Property 'isCancellationRequested' is missing in type '{ onCancellationRequested: sinon.SinonStub<any[], any>; }' but required in type 'CancellationToken'.\r\nsrc/test/unit/security-commands.test.ts(213,53): error TS2345: Argument of type '{ onCancellationRequested: sinon.SinonStub<any[], any>; }' is not assignable to parameter of type 'CancellationToken'.\r\n  Property 'isCancellationRequested' is missing in type '{ onCancellationRequested: sinon.SinonStub<any[], any>; }' but required in type 'CancellationToken'.\r\nsrc/test/unit/security-commands.test.ts(233,53): error TS2345: Argument of type '{ onCancellationRequested: sinon.SinonStub<any[], any>; }' is not assignable to parameter of type 'CancellationToken'.\r\n  Property 'isCancellationRequested' is missing in type '{ onCancellationRequested: sinon.SinonStub<any[], any>; }' but required in type 'CancellationToken'.\r\nsrc/test/unit/security-commands.test.ts(244,92): error TS2345: Argument of type 'string' is not assignable to parameter of type 'MessageItem'.\r\nsrc/test/unit/security-commands.test.ts(250,53): error TS2345: Argument of type '{ onCancellationRequested: sinon.SinonStub<any[], any>; }' is not assignable to parameter of type 'CancellationToken'.\r\n  Property 'isCancellationRequested' is missing in type '{ onCancellationRequested: sinon.SinonStub<any[], any>; }' but required in type 'CancellationToken'.\r\nsrc/test/unit/security-commands.test.ts(258,17): error TS2345: Argument of type '\"Open Installation Guide\"' is not assignable to parameter of type 'SinonMatcher | MatchPartialArguments<MessageOptions> | undefined'.\r\nsrc/test/unit/security-commands.test.ts(265,70): error TS2345: Argument of type 'string' is not assignable to parameter of type 'MessageItem'.\r\nsrc/test/unit/security-commands.test.ts(272,53): error TS2345: Argument of type '{ onCancellationRequested: sinon.SinonStub<any[], any>; }' is not assignable to parameter of type 'CancellationToken'.\r\n  Property 'isCancellationRequested' is missing in type '{ onCancellationRequested: sinon.SinonStub<any[], any>; }' but required in type 'CancellationToken'.\r\nsrc/utils/memory-optimizer.ts(342,21): error TS2353: Object literal may only specify known properties, and 'heapUsed' does not exist in type 'Error'.\r\nsrc/utils/performance-optimizer.ts(98,21): error TS2353: Object literal may only specify known properties, and 'duration' does not exist in type 'Error'.\r\nsrc/utils/performance-optimizer.ts(230,21): error TS2353: Object literal may only specify known properties, and 'duration' does not exist in type 'Error'.\r\nsrc/utils/startup-optimizer.ts(138,17): error TS2353: Object literal may only specify known properties, and 'actual' does not exist in type 'Error'.\r\n"
      }
    },
    {
      "timestamp": "2025-07-15T13:15:20.769Z",
      "level": "info",
      "message": "Running check: Dependency Security",
      "details": null
    },
    {
      "timestamp": "2025-07-15T13:15:22.152Z",
      "level": "pass",
      "message": "✅ Dependency Security: No high/critical vulnerabilities found (0 total)",
      "details": {
        "totalVulnerabilities": 0,
        "highCritical": 0
      }
    },
    {
      "timestamp": "2025-07-15T13:15:22.153Z",
      "level": "info",
      "message": "Running check: File Structure",
      "details": null
    },
    {
      "timestamp": "2025-07-15T13:15:22.153Z",
      "level": "pass",
      "message": "✅ File Structure: All required files and directories present",
      "details": {
        "missing": []
      }
    },
    {
      "timestamp": "2025-07-15T13:15:22.154Z",
      "level": "info",
      "message": "Running check: Extension Manifest",
      "details": null
    },
    {
      "timestamp": "2025-07-15T13:15:22.154Z",
      "level": "pass",
      "message": "✅ Extension Manifest: Extension manifest is valid",
      "details": {
        "issues": []
      }
    }
  ]
}